1756222849988:app:seed-admins
1756222910780:"app:seed-admins"
1756222959643:app:seed-fake-data
1756845715591:app:seed-admins
1756845721985:app:seed-fake-data
1756846421695:app:seed-admins
1756846431566:app:seed-fake-data
1756847200692:app:seed-sri-methods
1758218724369:app:seed-admins
1758218734490:app:seed-sri-method
1758218740632:app:seed-sri-methods
1758218760855:app:seed-fake-data
1758747765760:weso
1758814786691:app:seed-fake-data
1758817849411:app:seed-admins
1758819211249:app:seed-fake-data
1758819437932:app:seed-admins
1758819446034:app:seed-fake-data
1758823350340:app:seed-admins
1758823396287:app:seed-fake-data
1764381261763:app:seed-permissions
1764381273926:app:seed-admins
1764381347723:app:init-seed
1764381387948:app:import-entities
1764382287250:app:init-seed
1764382297396:app:import-entities
1764983295949:"app:import-entities"
